<?xml version="1.0" encoding="UTF-8"?>
<testng-results skipped="0" failed="0" ignored="0" total="1" passed="1">
  <reporter-output>
  </reporter-output>
  <suite name="Default suite" duration-ms="9176" started-at="2018-03-18T15:44:23Z" finished-at="2018-03-18T15:44:32Z">
    <groups>
    </groups>
    <test name="Default test" duration-ms="9176" started-at="2018-03-18T15:44:23Z" finished-at="2018-03-18T15:44:32Z">
      <class name="com.qa.selenium.training.SingleToneTestClass">
        <test-method status="PASS" signature="setUp()[pri:0, instance:com.qa.selenium.training.SingleToneTestClass@4cc0edeb]" name="setUp" is-config="true" duration-ms="4917" started-at="2018-03-18T21:14:23Z" finished-at="2018-03-18T21:14:28Z">
          <reporter-output>
          </reporter-output>
        </test-method> <!-- setUp -->
        <test-method status="PASS" signature="testPage()[pri:0, instance:com.qa.selenium.training.SingleToneTestClass@4cc0edeb]" name="testPage" duration-ms="4137" started-at="2018-03-18T21:14:28Z" finished-at="2018-03-18T21:14:32Z">
          <reporter-output>
          </reporter-output>
        </test-method> <!-- testPage -->
        <test-method status="PASS" signature="tearDown()[pri:0, instance:com.qa.selenium.training.SingleToneTestClass@4cc0edeb]" name="tearDown" is-config="true" duration-ms="79" started-at="2018-03-18T21:14:32Z" finished-at="2018-03-18T21:14:32Z">
          <reporter-output>
          </reporter-output>
        </test-method> <!-- tearDown -->
      </class> <!-- com.qa.selenium.training.SingleToneTestClass -->
    </test> <!-- Default test -->
  </suite> <!-- Default suite -->
</testng-results>
